  Building Custom Rule C:/Stage/Yanis/CSharp_projects/Librairies/ARUCO/aruco-2.0.7/utils_markermap/CMakeLists.txt
  CMake does not need to re-run because C:\Stage\Yanis\CSharp_projects\Librairies\ARUCO\aruco-2.0.7\MY-Build\utils_markermap\CMakeFiles\generate.stamp is up-to-date.
  aruco_create_markermap.cpp
c:\stage\yanis\csharp_projects\librairies\aruco\aruco-2.0.7\src\cameraparameters.h(55): warning C4290: Spécification d'exception C++ ignorée sauf pour indiquer qu'une fonction n'est pas __declspec(nothrow)
c:\stage\yanis\csharp_projects\librairies\aruco\aruco-2.0.7\src\cameraparameters.h(61): warning C4290: Spécification d'exception C++ ignorée sauf pour indiquer qu'une fonction n'est pas __declspec(nothrow)
c:\stage\yanis\csharp_projects\librairies\aruco\aruco-2.0.7\src\cameraparameters.h(77): warning C4290: Spécification d'exception C++ ignorée sauf pour indiquer qu'une fonction n'est pas __declspec(nothrow)
c:\stage\yanis\csharp_projects\librairies\aruco\aruco-2.0.7\src\cameraparameters.h(81): warning C4290: Spécification d'exception C++ ignorée sauf pour indiquer qu'une fonction n'est pas __declspec(nothrow)
c:\stage\yanis\csharp_projects\librairies\aruco\aruco-2.0.7\src\cameraparameters.h(85): warning C4290: Spécification d'exception C++ ignorée sauf pour indiquer qu'une fonction n'est pas __declspec(nothrow)
c:\stage\yanis\csharp_projects\librairies\aruco\aruco-2.0.7\src\cameraparameters.h(103): warning C4290: Spécification d'exception C++ ignorée sauf pour indiquer qu'une fonction n'est pas __declspec(nothrow)
c:\stage\yanis\csharp_projects\librairies\aruco\aruco-2.0.7\src\cameraparameters.h(116): warning C4290: Spécification d'exception C++ ignorée sauf pour indiquer qu'une fonction n'est pas __declspec(nothrow)
c:\stage\yanis\csharp_projects\librairies\aruco\aruco-2.0.7\src\cameraparameters.h(126): warning C4290: Spécification d'exception C++ ignorée sauf pour indiquer qu'une fonction n'est pas __declspec(nothrow)
c:\stage\yanis\csharp_projects\librairies\aruco\aruco-2.0.7\src\cameraparameters.h(127): warning C4290: Spécification d'exception C++ ignorée sauf pour indiquer qu'une fonction n'est pas __declspec(nothrow)
c:\stage\yanis\csharp_projects\librairies\aruco\aruco-2.0.7\src\marker.h(79): warning C4290: Spécification d'exception C++ ignorée sauf pour indiquer qu'une fonction n'est pas __declspec(nothrow)
c:\stage\yanis\csharp_projects\librairies\aruco\aruco-2.0.7\src\marker.h(86): warning C4290: Spécification d'exception C++ ignorée sauf pour indiquer qu'une fonction n'est pas __declspec(nothrow)
c:\stage\yanis\csharp_projects\librairies\aruco\aruco-2.0.7\src\marker.h(91): warning C4290: Spécification d'exception C++ ignorée sauf pour indiquer qu'une fonction n'est pas __declspec(nothrow)
c:\stage\yanis\csharp_projects\librairies\aruco\aruco-2.0.7\src\marker.h(103): warning C4290: Spécification d'exception C++ ignorée sauf pour indiquer qu'une fonction n'est pas __declspec(nothrow)
C:\Stage\Yanis\CSharp_projects\Librairies\ARUCO\aruco-2.0.7\src\markermap.h(47): warning C4244: 'return' : conversion de 'double' en 'float', perte possible de données
C:\Stage\Yanis\CSharp_projects\Librairies\ARUCO\aruco-2.0.7\src\markermap.h(83): warning C4290: Spécification d'exception C++ ignorée sauf pour indiquer qu'une fonction n'est pas __declspec(nothrow)
C:\Stage\Yanis\CSharp_projects\Librairies\ARUCO\aruco-2.0.7\src\markermap.h(93): warning C4290: Spécification d'exception C++ ignorée sauf pour indiquer qu'une fonction n'est pas __declspec(nothrow)
C:\Stage\Yanis\CSharp_projects\Librairies\ARUCO\aruco-2.0.7\src\markermap.h(103): warning C4290: Spécification d'exception C++ ignorée sauf pour indiquer qu'une fonction n'est pas __declspec(nothrow)
C:\Stage\Yanis\CSharp_projects\Librairies\ARUCO\aruco-2.0.7\src\markermap.h(115): warning C4290: Spécification d'exception C++ ignorée sauf pour indiquer qu'une fonction n'est pas __declspec(nothrow)
C:\Stage\Yanis\CSharp_projects\Librairies\ARUCO\aruco-2.0.7\src\markermap.h(120): warning C4290: Spécification d'exception C++ ignorée sauf pour indiquer qu'une fonction n'est pas __declspec(nothrow)
C:\Stage\Yanis\CSharp_projects\Librairies\ARUCO\aruco-2.0.7\src\markermap.h(123): warning C4290: Spécification d'exception C++ ignorée sauf pour indiquer qu'une fonction n'est pas __declspec(nothrow)
C:\Stage\Yanis\CSharp_projects\Librairies\ARUCO\aruco-2.0.7\src\markermap.h(129): warning C4290: Spécification d'exception C++ ignorée sauf pour indiquer qu'une fonction n'est pas __declspec(nothrow)
C:\Stage\Yanis\CSharp_projects\Librairies\ARUCO\aruco-2.0.7\src\markermap.h(154): warning C4290: Spécification d'exception C++ ignorée sauf pour indiquer qu'une fonction n'est pas __declspec(nothrow)
C:\Stage\Yanis\CSharp_projects\Librairies\ARUCO\aruco-2.0.7\src\markermap.h(157): warning C4290: Spécification d'exception C++ ignorée sauf pour indiquer qu'une fonction n'est pas __declspec(nothrow)
C:\Stage\Yanis\CSharp_projects\Librairies\ARUCO\aruco-2.0.7\src\dictionary.h(57): warning C4290: Spécification d'exception C++ ignorée sauf pour indiquer qu'une fonction n'est pas __declspec(nothrow)
C:\Stage\Yanis\CSharp_projects\Librairies\ARUCO\aruco-2.0.7\src\dictionary.h(60): warning C4290: Spécification d'exception C++ ignorée sauf pour indiquer qu'une fonction n'est pas __declspec(nothrow)
C:\Stage\Yanis\CSharp_projects\Librairies\ARUCO\aruco-2.0.7\src\dictionary.h(61): warning C4290: Spécification d'exception C++ ignorée sauf pour indiquer qu'une fonction n'est pas __declspec(nothrow)
C:\Stage\Yanis\CSharp_projects\Librairies\ARUCO\aruco-2.0.7\src\dictionary.h(63): warning C4290: Spécification d'exception C++ ignorée sauf pour indiquer qu'une fonction n'est pas __declspec(nothrow)
C:\Stage\Yanis\CSharp_projects\Librairies\ARUCO\aruco-2.0.7\src\dictionary.h(64): warning C4290: Spécification d'exception C++ ignorée sauf pour indiquer qu'une fonction n'est pas __declspec(nothrow)
C:\Stage\Yanis\CSharp_projects\Librairies\ARUCO\aruco-2.0.7\src\dictionary.h(65): warning C4290: Spécification d'exception C++ ignorée sauf pour indiquer qu'une fonction n'est pas __declspec(nothrow)
C:\Stage\Yanis\CSharp_projects\Librairies\ARUCO\aruco-2.0.7\src\dictionary.h(66): warning C4290: Spécification d'exception C++ ignorée sauf pour indiquer qu'une fonction n'est pas __declspec(nothrow)
C:\Stage\Yanis\CSharp_projects\Librairies\ARUCO\aruco-2.0.7\src\dictionary.h(71): warning C4290: Spécification d'exception C++ ignorée sauf pour indiquer qu'une fonction n'est pas __declspec(nothrow)
C:\Stage\Yanis\CSharp_projects\Librairies\ARUCO\aruco-2.0.7\src\dictionary.h(72): warning C4290: Spécification d'exception C++ ignorée sauf pour indiquer qu'une fonction n'est pas __declspec(nothrow)
C:\Stage\Yanis\CSharp_projects\Librairies\ARUCO\aruco-2.0.7\utils_markermap\aruco_create_markermap.cpp(73): warning C4244: 'argument' : conversion de 'float' en 'int', perte possible de données
  aruco_create_markermap.vcxproj -> C:\Stage\Yanis\CSharp_projects\Librairies\ARUCO\aruco-2.0.7\MY-Build\bin\Debug\aruco_create_markermap.exe
  aruco_create_markermap.vcxproj -> C:/Stage/Yanis/CSharp_projects/Librairies/ARUCO/aruco-2.0.7/MY-Build/bin/Debug/aruco_create_markermap.pdb (Full PDB)
