  aruco_test.cpp
c:\stage\yanis\cpp_projects\my_aruco\dependencies\aruco-2.0.7\src\cameraparameters.h(55): warning C4290: Spécification d'exception C++ ignorée sauf pour indiquer qu'une fonction n'est pas __declspec(nothrow)
c:\stage\yanis\cpp_projects\my_aruco\dependencies\aruco-2.0.7\src\cameraparameters.h(61): warning C4290: Spécification d'exception C++ ignorée sauf pour indiquer qu'une fonction n'est pas __declspec(nothrow)
c:\stage\yanis\cpp_projects\my_aruco\dependencies\aruco-2.0.7\src\cameraparameters.h(77): warning C4290: Spécification d'exception C++ ignorée sauf pour indiquer qu'une fonction n'est pas __declspec(nothrow)
c:\stage\yanis\cpp_projects\my_aruco\dependencies\aruco-2.0.7\src\cameraparameters.h(81): warning C4290: Spécification d'exception C++ ignorée sauf pour indiquer qu'une fonction n'est pas __declspec(nothrow)
c:\stage\yanis\cpp_projects\my_aruco\dependencies\aruco-2.0.7\src\cameraparameters.h(85): warning C4290: Spécification d'exception C++ ignorée sauf pour indiquer qu'une fonction n'est pas __declspec(nothrow)
c:\stage\yanis\cpp_projects\my_aruco\dependencies\aruco-2.0.7\src\cameraparameters.h(103): warning C4290: Spécification d'exception C++ ignorée sauf pour indiquer qu'une fonction n'est pas __declspec(nothrow)
c:\stage\yanis\cpp_projects\my_aruco\dependencies\aruco-2.0.7\src\cameraparameters.h(116): warning C4290: Spécification d'exception C++ ignorée sauf pour indiquer qu'une fonction n'est pas __declspec(nothrow)
c:\stage\yanis\cpp_projects\my_aruco\dependencies\aruco-2.0.7\src\cameraparameters.h(126): warning C4290: Spécification d'exception C++ ignorée sauf pour indiquer qu'une fonction n'est pas __declspec(nothrow)
c:\stage\yanis\cpp_projects\my_aruco\dependencies\aruco-2.0.7\src\cameraparameters.h(127): warning C4290: Spécification d'exception C++ ignorée sauf pour indiquer qu'une fonction n'est pas __declspec(nothrow)
c:\stage\yanis\cpp_projects\my_aruco\dependencies\aruco-2.0.7\src\dictionary.h(57): warning C4290: Spécification d'exception C++ ignorée sauf pour indiquer qu'une fonction n'est pas __declspec(nothrow)
c:\stage\yanis\cpp_projects\my_aruco\dependencies\aruco-2.0.7\src\dictionary.h(60): warning C4290: Spécification d'exception C++ ignorée sauf pour indiquer qu'une fonction n'est pas __declspec(nothrow)
c:\stage\yanis\cpp_projects\my_aruco\dependencies\aruco-2.0.7\src\dictionary.h(61): warning C4290: Spécification d'exception C++ ignorée sauf pour indiquer qu'une fonction n'est pas __declspec(nothrow)
c:\stage\yanis\cpp_projects\my_aruco\dependencies\aruco-2.0.7\src\dictionary.h(63): warning C4290: Spécification d'exception C++ ignorée sauf pour indiquer qu'une fonction n'est pas __declspec(nothrow)
c:\stage\yanis\cpp_projects\my_aruco\dependencies\aruco-2.0.7\src\dictionary.h(64): warning C4290: Spécification d'exception C++ ignorée sauf pour indiquer qu'une fonction n'est pas __declspec(nothrow)
c:\stage\yanis\cpp_projects\my_aruco\dependencies\aruco-2.0.7\src\dictionary.h(65): warning C4290: Spécification d'exception C++ ignorée sauf pour indiquer qu'une fonction n'est pas __declspec(nothrow)
c:\stage\yanis\cpp_projects\my_aruco\dependencies\aruco-2.0.7\src\dictionary.h(66): warning C4290: Spécification d'exception C++ ignorée sauf pour indiquer qu'une fonction n'est pas __declspec(nothrow)
c:\stage\yanis\cpp_projects\my_aruco\dependencies\aruco-2.0.7\src\dictionary.h(71): warning C4290: Spécification d'exception C++ ignorée sauf pour indiquer qu'une fonction n'est pas __declspec(nothrow)
c:\stage\yanis\cpp_projects\my_aruco\dependencies\aruco-2.0.7\src\dictionary.h(72): warning C4290: Spécification d'exception C++ ignorée sauf pour indiquer qu'une fonction n'est pas __declspec(nothrow)
c:\stage\yanis\cpp_projects\my_aruco\dependencies\aruco-2.0.7\src\marker.h(79): warning C4290: Spécification d'exception C++ ignorée sauf pour indiquer qu'une fonction n'est pas __declspec(nothrow)
c:\stage\yanis\cpp_projects\my_aruco\dependencies\aruco-2.0.7\src\marker.h(86): warning C4290: Spécification d'exception C++ ignorée sauf pour indiquer qu'une fonction n'est pas __declspec(nothrow)
c:\stage\yanis\cpp_projects\my_aruco\dependencies\aruco-2.0.7\src\marker.h(91): warning C4290: Spécification d'exception C++ ignorée sauf pour indiquer qu'une fonction n'est pas __declspec(nothrow)
c:\stage\yanis\cpp_projects\my_aruco\dependencies\aruco-2.0.7\src\marker.h(103): warning C4290: Spécification d'exception C++ ignorée sauf pour indiquer qu'une fonction n'est pas __declspec(nothrow)
c:\stage\yanis\cpp_projects\my_aruco\dependencies\aruco-2.0.7\src\markerlabeler.h(53): warning C4290: Spécification d'exception C++ ignorée sauf pour indiquer qu'une fonction n'est pas __declspec(nothrow)
c:\stage\yanis\cpp_projects\my_aruco\dependencies\aruco-2.0.7\src\markerlabeler.h(69): warning C4290: Spécification d'exception C++ ignorée sauf pour indiquer qu'une fonction n'est pas __declspec(nothrow)
c:\stage\yanis\cpp_projects\my_aruco\dependencies\aruco-2.0.7\src\markerdetector.h(118): warning C4290: Spécification d'exception C++ ignorée sauf pour indiquer qu'une fonction n'est pas __declspec(nothrow)
c:\stage\yanis\cpp_projects\my_aruco\dependencies\aruco-2.0.7\src\markerdetector.h(119): warning C4290: Spécification d'exception C++ ignorée sauf pour indiquer qu'une fonction n'est pas __declspec(nothrow)
c:\stage\yanis\cpp_projects\my_aruco\dependencies\aruco-2.0.7\src\markerdetector.h(132): warning C4290: Spécification d'exception C++ ignorée sauf pour indiquer qu'une fonction n'est pas __declspec(nothrow)
c:\stage\yanis\cpp_projects\my_aruco\dependencies\aruco-2.0.7\src\markerdetector.h(148): warning C4290: Spécification d'exception C++ ignorée sauf pour indiquer qu'une fonction n'est pas __declspec(nothrow)
c:\stage\yanis\cpp_projects\my_aruco\dependencies\aruco-2.0.7\src\markerdetector.h(166): warning C4290: Spécification d'exception C++ ignorée sauf pour indiquer qu'une fonction n'est pas __declspec(nothrow)
c:\stage\yanis\cpp_projects\my_aruco\dependencies\aruco-2.0.7\src\markerdetector.h(175): warning C4290: Spécification d'exception C++ ignorée sauf pour indiquer qu'une fonction n'est pas __declspec(nothrow)
c:\stage\yanis\cpp_projects\my_aruco\dependencies\aruco-2.0.7\src\markerdetector.h(243): warning C4290: Spécification d'exception C++ ignorée sauf pour indiquer qu'une fonction n'est pas __declspec(nothrow)
c:\stage\yanis\cpp_projects\my_aruco\dependencies\aruco-2.0.7\src\markerdetector.h(276): warning C4290: Spécification d'exception C++ ignorée sauf pour indiquer qu'une fonction n'est pas __declspec(nothrow)
c:\stage\yanis\cpp_projects\my_aruco\dependencies\aruco-2.0.7\src\markerdetector.h(300): warning C4290: Spécification d'exception C++ ignorée sauf pour indiquer qu'une fonction n'est pas __declspec(nothrow)
c:\stage\yanis\cpp_projects\my_aruco\dependencies\aruco-2.0.7\src\markerdetector.h(301): warning C4290: Spécification d'exception C++ ignorée sauf pour indiquer qu'une fonction n'est pas __declspec(nothrow)
c:\stage\yanis\cpp_projects\my_aruco\dependencies\aruco-2.0.7\src\markerdetector.h(325): warning C4290: Spécification d'exception C++ ignorée sauf pour indiquer qu'une fonction n'est pas __declspec(nothrow)
c:\stage\yanis\cpp_projects\my_aruco\dependencies\aruco-2.0.7\src\markerdetector.h(347): warning C4290: Spécification d'exception C++ ignorée sauf pour indiquer qu'une fonction n'est pas __declspec(nothrow)
c:\stage\yanis\cpp_projects\my_aruco\dependencies\aruco-2.0.7\src\markerdetector.h(360): warning C4290: Spécification d'exception C++ ignorée sauf pour indiquer qu'une fonction n'est pas __declspec(nothrow)
c:\stage\yanis\cpp_projects\my_aruco\dependencies\aruco-2.0.7\src\markerdetector.h(92): warning C4305: '=' : troncation de 'double' à 'float'
c:\stage\yanis\cpp_projects\my_aruco\dependencies\aruco-2.0.7\src\markerdetector.h(93): warning C4305: '=' : troncation de 'double' à 'float'
c:\stage\yanis\cpp_projects\my_aruco\dependencies\aruco-2.0.7\src\markerdetector.h(212): warning C4244: '=' : conversion de 'size_t' en 'double', perte possible de données
c:\stage\yanis\cpp_projects\my_aruco\dependencies\aruco-2.0.7\src\markermap.h(47): warning C4244: 'return' : conversion de 'double' en 'float', perte possible de données
c:\stage\yanis\cpp_projects\my_aruco\dependencies\aruco-2.0.7\src\markermap.h(83): warning C4290: Spécification d'exception C++ ignorée sauf pour indiquer qu'une fonction n'est pas __declspec(nothrow)
c:\stage\yanis\cpp_projects\my_aruco\dependencies\aruco-2.0.7\src\markermap.h(93): warning C4290: Spécification d'exception C++ ignorée sauf pour indiquer qu'une fonction n'est pas __declspec(nothrow)
c:\stage\yanis\cpp_projects\my_aruco\dependencies\aruco-2.0.7\src\markermap.h(103): warning C4290: Spécification d'exception C++ ignorée sauf pour indiquer qu'une fonction n'est pas __declspec(nothrow)
c:\stage\yanis\cpp_projects\my_aruco\dependencies\aruco-2.0.7\src\markermap.h(115): warning C4290: Spécification d'exception C++ ignorée sauf pour indiquer qu'une fonction n'est pas __declspec(nothrow)
c:\stage\yanis\cpp_projects\my_aruco\dependencies\aruco-2.0.7\src\markermap.h(120): warning C4290: Spécification d'exception C++ ignorée sauf pour indiquer qu'une fonction n'est pas __declspec(nothrow)
c:\stage\yanis\cpp_projects\my_aruco\dependencies\aruco-2.0.7\src\markermap.h(123): warning C4290: Spécification d'exception C++ ignorée sauf pour indiquer qu'une fonction n'est pas __declspec(nothrow)
c:\stage\yanis\cpp_projects\my_aruco\dependencies\aruco-2.0.7\src\markermap.h(129): warning C4290: Spécification d'exception C++ ignorée sauf pour indiquer qu'une fonction n'est pas __declspec(nothrow)
c:\stage\yanis\cpp_projects\my_aruco\dependencies\aruco-2.0.7\src\markermap.h(154): warning C4290: Spécification d'exception C++ ignorée sauf pour indiquer qu'une fonction n'est pas __declspec(nothrow)
c:\stage\yanis\cpp_projects\my_aruco\dependencies\aruco-2.0.7\src\markermap.h(157): warning C4290: Spécification d'exception C++ ignorée sauf pour indiquer qu'une fonction n'est pas __declspec(nothrow)
c:\stage\yanis\cpp_projects\my_aruco\dependencies\aruco-2.0.7\src\posetracker.h(69): warning C4290: Spécification d'exception C++ ignorée sauf pour indiquer qu'une fonction n'est pas __declspec(nothrow)
c:\stage\yanis\cpp_projects\my_aruco\my_aruco\my_aruco\aruco_test.cpp(75): warning C4305: 'initialisation' : troncation de 'double' à 'float'
  MY_Aruco.vcxproj -> C:\Stage\Yanis\Cpp_projects\MY_Aruco\MY_Aruco\x64\Debug\MY_Aruco.exe
  MY_Aruco.vcxproj -> C:\Stage\Yanis\Cpp_projects\MY_Aruco\MY_Aruco\x64\Debug\MY_Aruco.pdb (Partial PDB)
