  cvdrawingutils.cpp
c:\stage\yanis\csharp_projects\librairies\aruco\aruco-2.0.7\src\cameraparameters.h(41): warning C4251: 'aruco::CameraParameters::CameraMatrix' : class 'cv::Mat' nécessite une interface DLL pour être utilisé(e) par les clients de class 'aruco::CameraParameters'
  C:\Stage\Yanis\CSharp_projects\Librairies\ARUCO\opencv\build\x64\vc14\lib\include\opencv2/core/mat.hpp(741): note: voir la déclaration de 'cv::Mat'
c:\stage\yanis\csharp_projects\librairies\aruco\aruco-2.0.7\src\cameraparameters.h(43): warning C4251: 'aruco::CameraParameters::Distorsion' : class 'cv::Mat' nécessite une interface DLL pour être utilisé(e) par les clients de class 'aruco::CameraParameters'
  C:\Stage\Yanis\CSharp_projects\Librairies\ARUCO\opencv\build\x64\vc14\lib\include\opencv2/core/mat.hpp(741): note: voir la déclaration de 'cv::Mat'
c:\stage\yanis\csharp_projects\librairies\aruco\aruco-2.0.7\src\cameraparameters.h(45): warning C4251: 'aruco::CameraParameters::CamSize' : class 'cv::Size_<int>' nécessite une interface DLL pour être utilisé(e) par les clients de class 'aruco::CameraParameters'
  C:\Stage\Yanis\CSharp_projects\Librairies\ARUCO\opencv\build\x64\vc14\lib\include\opencv2/core/types.hpp(305): note: voir la déclaration de 'cv::Size_<int>'
c:\stage\yanis\csharp_projects\librairies\aruco\aruco-2.0.7\src\cameraparameters.h(55): warning C4290: Spécification d'exception C++ ignorée sauf pour indiquer qu'une fonction n'est pas __declspec(nothrow)
c:\stage\yanis\csharp_projects\librairies\aruco\aruco-2.0.7\src\cameraparameters.h(61): warning C4290: Spécification d'exception C++ ignorée sauf pour indiquer qu'une fonction n'est pas __declspec(nothrow)
c:\stage\yanis\csharp_projects\librairies\aruco\aruco-2.0.7\src\cameraparameters.h(77): warning C4290: Spécification d'exception C++ ignorée sauf pour indiquer qu'une fonction n'est pas __declspec(nothrow)
c:\stage\yanis\csharp_projects\librairies\aruco\aruco-2.0.7\src\cameraparameters.h(81): warning C4290: Spécification d'exception C++ ignorée sauf pour indiquer qu'une fonction n'est pas __declspec(nothrow)
c:\stage\yanis\csharp_projects\librairies\aruco\aruco-2.0.7\src\cameraparameters.h(85): warning C4290: Spécification d'exception C++ ignorée sauf pour indiquer qu'une fonction n'est pas __declspec(nothrow)
c:\stage\yanis\csharp_projects\librairies\aruco\aruco-2.0.7\src\cameraparameters.h(103): warning C4290: Spécification d'exception C++ ignorée sauf pour indiquer qu'une fonction n'est pas __declspec(nothrow)
c:\stage\yanis\csharp_projects\librairies\aruco\aruco-2.0.7\src\cameraparameters.h(116): warning C4290: Spécification d'exception C++ ignorée sauf pour indiquer qu'une fonction n'est pas __declspec(nothrow)
c:\stage\yanis\csharp_projects\librairies\aruco\aruco-2.0.7\src\cameraparameters.h(126): warning C4290: Spécification d'exception C++ ignorée sauf pour indiquer qu'une fonction n'est pas __declspec(nothrow)
c:\stage\yanis\csharp_projects\librairies\aruco\aruco-2.0.7\src\cameraparameters.h(127): warning C4290: Spécification d'exception C++ ignorée sauf pour indiquer qu'une fonction n'est pas __declspec(nothrow)
c:\stage\yanis\csharp_projects\librairies\aruco\aruco-2.0.7\src\dictionary.h(57): warning C4290: Spécification d'exception C++ ignorée sauf pour indiquer qu'une fonction n'est pas __declspec(nothrow)
c:\stage\yanis\csharp_projects\librairies\aruco\aruco-2.0.7\src\dictionary.h(60): warning C4290: Spécification d'exception C++ ignorée sauf pour indiquer qu'une fonction n'est pas __declspec(nothrow)
c:\stage\yanis\csharp_projects\librairies\aruco\aruco-2.0.7\src\dictionary.h(61): warning C4290: Spécification d'exception C++ ignorée sauf pour indiquer qu'une fonction n'est pas __declspec(nothrow)
c:\stage\yanis\csharp_projects\librairies\aruco\aruco-2.0.7\src\dictionary.h(63): warning C4290: Spécification d'exception C++ ignorée sauf pour indiquer qu'une fonction n'est pas __declspec(nothrow)
c:\stage\yanis\csharp_projects\librairies\aruco\aruco-2.0.7\src\dictionary.h(64): warning C4290: Spécification d'exception C++ ignorée sauf pour indiquer qu'une fonction n'est pas __declspec(nothrow)
c:\stage\yanis\csharp_projects\librairies\aruco\aruco-2.0.7\src\dictionary.h(65): warning C4290: Spécification d'exception C++ ignorée sauf pour indiquer qu'une fonction n'est pas __declspec(nothrow)
c:\stage\yanis\csharp_projects\librairies\aruco\aruco-2.0.7\src\dictionary.h(66): warning C4290: Spécification d'exception C++ ignorée sauf pour indiquer qu'une fonction n'est pas __declspec(nothrow)
c:\stage\yanis\csharp_projects\librairies\aruco\aruco-2.0.7\src\dictionary.h(71): warning C4290: Spécification d'exception C++ ignorée sauf pour indiquer qu'une fonction n'est pas __declspec(nothrow)
c:\stage\yanis\csharp_projects\librairies\aruco\aruco-2.0.7\src\dictionary.h(72): warning C4290: Spécification d'exception C++ ignorée sauf pour indiquer qu'une fonction n'est pas __declspec(nothrow)
c:\stage\yanis\csharp_projects\librairies\aruco\aruco-2.0.7\src\dictionary.h(79): warning C4251: 'aruco::Dictionary::_code_id' : class 'std::map<uint64_t,uint16_t,std::less<_Kty>,std::allocator<std::pair<const _Kty,_Ty>>>' nécessite une interface DLL pour être utilisé(e) par les clients de class 'aruco::Dictionary'
          with
          [
              _Kty=uint64_t,
              _Ty=uint16_t
          ]
  c:\stage\yanis\csharp_projects\librairies\aruco\aruco-2.0.7\src\dictionary.h(45): note: voir la déclaration de 'std::map<uint64_t,uint16_t,std::less<_Kty>,std::allocator<std::pair<const _Kty,_Ty>>>'
          with
          [
              _Kty=uint64_t,
              _Ty=uint16_t
          ]
c:\stage\yanis\csharp_projects\librairies\aruco\aruco-2.0.7\src\marker.h(42): warning C4251: 'std::_Vector_alloc<std::_Vec_base_types<_Ty,_Alloc>>::_Mypair' : class 'std::_Compressed_pair<std::_Wrap_alloc<std::allocator<_Ty>>,std::_Vector_val<std::_Simple_types<cv::Point_<float>>>,true>' nécessite une interface DLL pour être utilisé(e) par les clients de class 'std::_Vector_alloc<std::_Vec_base_types<_Ty,_Alloc>>'
          with
          [
              _Ty=cv::Point2f,
              _Alloc=std::allocator<cv::Point2f>
          ]
          and
          [
              _Ty=cv::Point2f
          ]
          and
          [
              _Ty=cv::Point2f,
              _Alloc=std::allocator<cv::Point2f>
          ]
  C:\Program Files (x86)\Microsoft Visual Studio 14.0\VC\include\vector(675): note: voir la déclaration de 'std::_Compressed_pair<std::_Wrap_alloc<std::allocator<_Ty>>,std::_Vector_val<std::_Simple_types<cv::Point_<float>>>,true>'
          with
          [
              _Ty=cv::Point2f
          ]
c:\stage\yanis\csharp_projects\librairies\aruco\aruco-2.0.7\src\marker.h(49): warning C4251: 'aruco::Marker::Rvec' : class 'cv::Mat' nécessite une interface DLL pour être utilisé(e) par les clients de class 'aruco::Marker'
  C:\Stage\Yanis\CSharp_projects\Librairies\ARUCO\opencv\build\x64\vc14\lib\include\opencv2/core/mat.hpp(741): note: voir la déclaration de 'cv::Mat'
c:\stage\yanis\csharp_projects\librairies\aruco\aruco-2.0.7\src\marker.h(49): warning C4251: 'aruco::Marker::Tvec' : class 'cv::Mat' nécessite une interface DLL pour être utilisé(e) par les clients de class 'aruco::Marker'
  C:\Stage\Yanis\CSharp_projects\Librairies\ARUCO\opencv\build\x64\vc14\lib\include\opencv2/core/mat.hpp(741): note: voir la déclaration de 'cv::Mat'
c:\stage\yanis\csharp_projects\librairies\aruco\aruco-2.0.7\src\marker.h(79): warning C4290: Spécification d'exception C++ ignorée sauf pour indiquer qu'une fonction n'est pas __declspec(nothrow)
c:\stage\yanis\csharp_projects\librairies\aruco\aruco-2.0.7\src\marker.h(86): warning C4290: Spécification d'exception C++ ignorée sauf pour indiquer qu'une fonction n'est pas __declspec(nothrow)
c:\stage\yanis\csharp_projects\librairies\aruco\aruco-2.0.7\src\marker.h(91): warning C4290: Spécification d'exception C++ ignorée sauf pour indiquer qu'une fonction n'est pas __declspec(nothrow)
c:\stage\yanis\csharp_projects\librairies\aruco\aruco-2.0.7\src\marker.h(103): warning C4290: Spécification d'exception C++ ignorée sauf pour indiquer qu'une fonction n'est pas __declspec(nothrow)
c:\stage\yanis\csharp_projects\librairies\aruco\aruco-2.0.7\src\markerlabeler.h(53): warning C4290: Spécification d'exception C++ ignorée sauf pour indiquer qu'une fonction n'est pas __declspec(nothrow)
c:\stage\yanis\csharp_projects\librairies\aruco\aruco-2.0.7\src\markerlabeler.h(69): warning C4290: Spécification d'exception C++ ignorée sauf pour indiquer qu'une fonction n'est pas __declspec(nothrow)
c:\stage\yanis\csharp_projects\librairies\aruco\aruco-2.0.7\src\markerdetector.h(118): warning C4290: Spécification d'exception C++ ignorée sauf pour indiquer qu'une fonction n'est pas __declspec(nothrow)
c:\stage\yanis\csharp_projects\librairies\aruco\aruco-2.0.7\src\markerdetector.h(119): warning C4290: Spécification d'exception C++ ignorée sauf pour indiquer qu'une fonction n'est pas __declspec(nothrow)
c:\stage\yanis\csharp_projects\librairies\aruco\aruco-2.0.7\src\markerdetector.h(132): warning C4290: Spécification d'exception C++ ignorée sauf pour indiquer qu'une fonction n'est pas __declspec(nothrow)
c:\stage\yanis\csharp_projects\librairies\aruco\aruco-2.0.7\src\markerdetector.h(148): warning C4290: Spécification d'exception C++ ignorée sauf pour indiquer qu'une fonction n'est pas __declspec(nothrow)
c:\stage\yanis\csharp_projects\librairies\aruco\aruco-2.0.7\src\markerdetector.h(166): warning C4290: Spécification d'exception C++ ignorée sauf pour indiquer qu'une fonction n'est pas __declspec(nothrow)
c:\stage\yanis\csharp_projects\librairies\aruco\aruco-2.0.7\src\markerdetector.h(175): warning C4290: Spécification d'exception C++ ignorée sauf pour indiquer qu'une fonction n'est pas __declspec(nothrow)
c:\stage\yanis\csharp_projects\librairies\aruco\aruco-2.0.7\src\markerdetector.h(243): warning C4290: Spécification d'exception C++ ignorée sauf pour indiquer qu'une fonction n'est pas __declspec(nothrow)
c:\stage\yanis\csharp_projects\librairies\aruco\aruco-2.0.7\src\markerdetector.h(276): warning C4290: Spécification d'exception C++ ignorée sauf pour indiquer qu'une fonction n'est pas __declspec(nothrow)
c:\stage\yanis\csharp_projects\librairies\aruco\aruco-2.0.7\src\markerdetector.h(300): warning C4290: Spécification d'exception C++ ignorée sauf pour indiquer qu'une fonction n'est pas __declspec(nothrow)
c:\stage\yanis\csharp_projects\librairies\aruco\aruco-2.0.7\src\markerdetector.h(301): warning C4290: Spécification d'exception C++ ignorée sauf pour indiquer qu'une fonction n'est pas __declspec(nothrow)
c:\stage\yanis\csharp_projects\librairies\aruco\aruco-2.0.7\src\markerdetector.h(325): warning C4290: Spécification d'exception C++ ignorée sauf pour indiquer qu'une fonction n'est pas __declspec(nothrow)
c:\stage\yanis\csharp_projects\librairies\aruco\aruco-2.0.7\src\markerdetector.h(347): warning C4290: Spécification d'exception C++ ignorée sauf pour indiquer qu'une fonction n'est pas __declspec(nothrow)
c:\stage\yanis\csharp_projects\librairies\aruco\aruco-2.0.7\src\markerdetector.h(360): warning C4290: Spécification d'exception C++ ignorée sauf pour indiquer qu'une fonction n'est pas __declspec(nothrow)
c:\stage\yanis\csharp_projects\librairies\aruco\aruco-2.0.7\src\markerdetector.h(367): warning C4251: 'aruco::MarkerDetector::_params' : struct 'aruco::MarkerDetector::Params' nécessite une interface DLL pour être utilisé(e) par les clients de class 'aruco::MarkerDetector'
  c:\stage\yanis\csharp_projects\librairies\aruco\aruco-2.0.7\src\markerdetector.h(59): note: voir la déclaration de 'aruco::MarkerDetector::Params'
c:\stage\yanis\csharp_projects\librairies\aruco\aruco-2.0.7\src\markerdetector.h(369): warning C4251: 'aruco::MarkerDetector::_candidates' : class 'std::vector<std::vector<cv::Point2f,std::allocator<_Ty>>,std::allocator<std::vector<_Ty,std::allocator<_Ty>>>>' nécessite une interface DLL pour être utilisé(e) par les clients de class 'aruco::MarkerDetector'
          with
          [
              _Ty=cv::Point2f
          ]
  c:\stage\yanis\csharp_projects\librairies\aruco\aruco-2.0.7\src\markerdetector.h(333): note: voir la déclaration de 'std::vector<std::vector<cv::Point2f,std::allocator<_Ty>>,std::allocator<std::vector<_Ty,std::allocator<_Ty>>>>'
          with
          [
              _Ty=cv::Point2f
          ]
c:\stage\yanis\csharp_projects\librairies\aruco\aruco-2.0.7\src\markerdetector.h(371): warning C4251: 'aruco::MarkerDetector::grey' : class 'cv::Mat' nécessite une interface DLL pour être utilisé(e) par les clients de class 'aruco::MarkerDetector'
  C:\Stage\Yanis\CSharp_projects\Librairies\ARUCO\opencv\build\x64\vc14\lib\include\opencv2/core/mat.hpp(741): note: voir la déclaration de 'cv::Mat'
c:\stage\yanis\csharp_projects\librairies\aruco\aruco-2.0.7\src\markerdetector.h(371): warning C4251: 'aruco::MarkerDetector::thres' : class 'cv::Mat' nécessite une interface DLL pour être utilisé(e) par les clients de class 'aruco::MarkerDetector'
  C:\Stage\Yanis\CSharp_projects\Librairies\ARUCO\opencv\build\x64\vc14\lib\include\opencv2/core/mat.hpp(741): note: voir la déclaration de 'cv::Mat'
c:\stage\yanis\csharp_projects\librairies\aruco\aruco-2.0.7\src\markerdetector.h(373): warning C4251: 'aruco::MarkerDetector::markerIdDetector' : struct 'cv::Ptr<aruco::MarkerLabeler>' nécessite une interface DLL pour être utilisé(e) par les clients de class 'aruco::MarkerDetector'
  c:\stage\yanis\csharp_projects\librairies\aruco\aruco-2.0.7\src\markerlabeler.h(53): note: voir la déclaration de 'cv::Ptr<aruco::MarkerLabeler>'
c:\stage\yanis\csharp_projects\librairies\aruco\aruco-2.0.7\src\markerdetector.h(425): warning C4251: 'aruco::MarkerDetector::imagePyramid' : class 'std::vector<cv::Mat,std::allocator<_Ty>>' nécessite une interface DLL pour être utilisé(e) par les clients de class 'aruco::MarkerDetector'
          with
          [
              _Ty=cv::Mat
          ]
  C:\Stage\Yanis\CSharp_projects\Librairies\ARUCO\opencv\build\x64\vc14\lib\include\opencv2/core/mat.hpp(175): note: voir la déclaration de 'std::vector<cv::Mat,std::allocator<_Ty>>'
          with
          [
              _Ty=cv::Mat
          ]
c:\stage\yanis\csharp_projects\librairies\aruco\aruco-2.0.7\src\markerdetector.h(92): warning C4305: '=' : troncation de 'double' à 'float'
c:\stage\yanis\csharp_projects\librairies\aruco\aruco-2.0.7\src\markerdetector.h(93): warning C4305: '=' : troncation de 'double' à 'float'
c:\stage\yanis\csharp_projects\librairies\aruco\aruco-2.0.7\src\markerdetector.h(212): warning C4244: '=' : conversion de 'size_t' en 'double', perte possible de données
c:\stage\yanis\csharp_projects\librairies\aruco\aruco-2.0.7\src\markermap.h(40): warning C4251: 'std::_Vector_alloc<std::_Vec_base_types<_Ty,_Alloc>>::_Mypair' : class 'std::_Compressed_pair<std::_Wrap_alloc<std::allocator<_Ty>>,std::_Vector_val<std::_Simple_types<cv::Point3_<float>>>,true>' nécessite une interface DLL pour être utilisé(e) par les clients de class 'std::_Vector_alloc<std::_Vec_base_types<_Ty,_Alloc>>'
          with
          [
              _Ty=cv::Point3f,
              _Alloc=std::allocator<cv::Point3f>
          ]
          and
          [
              _Ty=cv::Point3f
          ]
          and
          [
              _Ty=cv::Point3f,
              _Alloc=std::allocator<cv::Point3f>
          ]
  C:\Program Files (x86)\Microsoft Visual Studio 14.0\VC\include\vector(675): note: voir la déclaration de 'std::_Compressed_pair<std::_Wrap_alloc<std::allocator<_Ty>>,std::_Vector_val<std::_Simple_types<cv::Point3_<float>>>,true>'
          with
          [
              _Ty=cv::Point3f
          ]
c:\stage\yanis\csharp_projects\librairies\aruco\aruco-2.0.7\src\markermap.h(47): warning C4244: 'return' : conversion de 'double' en 'float', perte possible de données
c:\stage\yanis\csharp_projects\librairies\aruco\aruco-2.0.7\src\markermap.h(71): warning C4251: 'std::_Vector_alloc<std::_Vec_base_types<_Ty,_Alloc>>::_Mypair' : class 'std::_Compressed_pair<std::_Wrap_alloc<std::allocator<_Ty>>,std::_Vector_val<std::_Simple_types<aruco::Marker3DInfo>>,true>' nécessite une interface DLL pour être utilisé(e) par les clients de class 'std::_Vector_alloc<std::_Vec_base_types<_Ty,_Alloc>>'
          with
          [
              _Ty=aruco::Marker3DInfo,
              _Alloc=std::allocator<aruco::Marker3DInfo>
          ]
          and
          [
              _Ty=aruco::Marker3DInfo
          ]
          and
          [
              _Ty=aruco::Marker3DInfo,
              _Alloc=std::allocator<aruco::Marker3DInfo>
          ]
  C:\Program Files (x86)\Microsoft Visual Studio 14.0\VC\include\vector(675): note: voir la déclaration de 'std::_Compressed_pair<std::_Wrap_alloc<std::allocator<_Ty>>,std::_Vector_val<std::_Simple_types<aruco::Marker3DInfo>>,true>'
          with
          [
              _Ty=aruco::Marker3DInfo
          ]
c:\stage\yanis\csharp_projects\librairies\aruco\aruco-2.0.7\src\markermap.h(83): warning C4290: Spécification d'exception C++ ignorée sauf pour indiquer qu'une fonction n'est pas __declspec(nothrow)
c:\stage\yanis\csharp_projects\librairies\aruco\aruco-2.0.7\src\markermap.h(93): warning C4290: Spécification d'exception C++ ignorée sauf pour indiquer qu'une fonction n'est pas __declspec(nothrow)
c:\stage\yanis\csharp_projects\librairies\aruco\aruco-2.0.7\src\markermap.h(103): warning C4290: Spécification d'exception C++ ignorée sauf pour indiquer qu'une fonction n'est pas __declspec(nothrow)
c:\stage\yanis\csharp_projects\librairies\aruco\aruco-2.0.7\src\markermap.h(115): warning C4290: Spécification d'exception C++ ignorée sauf pour indiquer qu'une fonction n'est pas __declspec(nothrow)
c:\stage\yanis\csharp_projects\librairies\aruco\aruco-2.0.7\src\markermap.h(120): warning C4290: Spécification d'exception C++ ignorée sauf pour indiquer qu'une fonction n'est pas __declspec(nothrow)
c:\stage\yanis\csharp_projects\librairies\aruco\aruco-2.0.7\src\markermap.h(123): warning C4290: Spécification d'exception C++ ignorée sauf pour indiquer qu'une fonction n'est pas __declspec(nothrow)
c:\stage\yanis\csharp_projects\librairies\aruco\aruco-2.0.7\src\markermap.h(129): warning C4290: Spécification d'exception C++ ignorée sauf pour indiquer qu'une fonction n'est pas __declspec(nothrow)
c:\stage\yanis\csharp_projects\librairies\aruco\aruco-2.0.7\src\markermap.h(148): warning C4251: 'aruco::MarkerMap::dictionary' : class 'std::basic_string<char,std::char_traits<char>,std::allocator<char>>' nécessite une interface DLL pour être utilisé(e) par les clients de class 'aruco::MarkerMap'
  C:\Program Files (x86)\Microsoft Visual Studio 14.0\VC\include\xstring(2628): note: voir la déclaration de 'std::basic_string<char,std::char_traits<char>,std::allocator<char>>'
c:\stage\yanis\csharp_projects\librairies\aruco\aruco-2.0.7\src\markermap.h(154): warning C4290: Spécification d'exception C++ ignorée sauf pour indiquer qu'une fonction n'est pas __declspec(nothrow)
c:\stage\yanis\csharp_projects\librairies\aruco\aruco-2.0.7\src\markermap.h(157): warning C4290: Spécification d'exception C++ ignorée sauf pour indiquer qu'une fonction n'est pas __declspec(nothrow)
c:\stage\yanis\csharp_projects\librairies\aruco\aruco-2.0.7\src\posetracker.h(53): warning C4251: 'aruco::MarkerPoseTracker::_rvec' : class 'cv::Mat' nécessite une interface DLL pour être utilisé(e) par les clients de class 'aruco::MarkerPoseTracker'
  C:\Stage\Yanis\CSharp_projects\Librairies\ARUCO\opencv\build\x64\vc14\lib\include\opencv2/core/mat.hpp(741): note: voir la déclaration de 'cv::Mat'
c:\stage\yanis\csharp_projects\librairies\aruco\aruco-2.0.7\src\posetracker.h(53): warning C4251: 'aruco::MarkerPoseTracker::_tvec' : class 'cv::Mat' nécessite une interface DLL pour être utilisé(e) par les clients de class 'aruco::MarkerPoseTracker'
  C:\Stage\Yanis\CSharp_projects\Librairies\ARUCO\opencv\build\x64\vc14\lib\include\opencv2/core/mat.hpp(741): note: voir la déclaration de 'cv::Mat'
c:\stage\yanis\csharp_projects\librairies\aruco\aruco-2.0.7\src\posetracker.h(69): warning C4290: Spécification d'exception C++ ignorée sauf pour indiquer qu'une fonction n'est pas __declspec(nothrow)
c:\stage\yanis\csharp_projects\librairies\aruco\aruco-2.0.7\src\posetracker.h(84): warning C4251: 'aruco::MarkerMapPoseTracker::_rvec' : class 'cv::Mat' nécessite une interface DLL pour être utilisé(e) par les clients de class 'aruco::MarkerMapPoseTracker'
  C:\Stage\Yanis\CSharp_projects\Librairies\ARUCO\opencv\build\x64\vc14\lib\include\opencv2/core/mat.hpp(741): note: voir la déclaration de 'cv::Mat'
c:\stage\yanis\csharp_projects\librairies\aruco\aruco-2.0.7\src\posetracker.h(84): warning C4251: 'aruco::MarkerMapPoseTracker::_tvec' : class 'cv::Mat' nécessite une interface DLL pour être utilisé(e) par les clients de class 'aruco::MarkerMapPoseTracker'
  C:\Stage\Yanis\CSharp_projects\Librairies\ARUCO\opencv\build\x64\vc14\lib\include\opencv2/core/mat.hpp(741): note: voir la déclaration de 'cv::Mat'
c:\stage\yanis\csharp_projects\librairies\aruco\aruco-2.0.7\src\posetracker.h(87): warning C4251: 'aruco::MarkerMapPoseTracker::_map_mm' : class 'std::map<int,aruco::Marker3DInfo,std::less<_Kty>,std::allocator<std::pair<const _Kty,_Ty>>>' nécessite une interface DLL pour être utilisé(e) par les clients de class 'aruco::MarkerMapPoseTracker'
          with
          [
              _Kty=int,
              _Ty=aruco::Marker3DInfo
          ]
  c:\stage\yanis\csharp_projects\librairies\aruco\aruco-2.0.7\src\posetracker.h(87): note: voir la déclaration de 'std::map<int,aruco::Marker3DInfo,std::less<_Kty>,std::allocator<std::pair<const _Kty,_Ty>>>'
          with
          [
              _Kty=int,
              _Ty=aruco::Marker3DInfo
          ]
C:\Stage\Yanis\CSharp_projects\Librairies\ARUCO\aruco-2.0.7\src\cvdrawingutils.cpp(106): warning C4244: '=' : conversion de 'double' en 'float', perte possible de données
C:\Stage\Yanis\CSharp_projects\Librairies\ARUCO\aruco-2.0.7\src\cvdrawingutils.cpp(108): warning C4244: '=' : conversion de 'double' en 'float', perte possible de données
C:\Stage\Yanis\CSharp_projects\Librairies\ARUCO\aruco-2.0.7\src\cvdrawingutils.cpp(109): warning C4244: '=' : conversion de 'double' en 'float', perte possible de données
C:\Stage\Yanis\CSharp_projects\Librairies\ARUCO\aruco-2.0.7\src\cvdrawingutils.cpp(111): warning C4244: '=' : conversion de 'double' en 'float', perte possible de données
C:\Stage\Yanis\CSharp_projects\Librairies\ARUCO\aruco-2.0.7\src\cvdrawingutils.cpp(112): warning C4244: '=' : conversion de 'double' en 'float', perte possible de données
C:\Stage\Yanis\CSharp_projects\Librairies\ARUCO\aruco-2.0.7\src\cvdrawingutils.cpp(114): warning C4244: '=' : conversion de 'double' en 'float', perte possible de données
C:\Stage\Yanis\CSharp_projects\Librairies\ARUCO\aruco-2.0.7\src\cvdrawingutils.cpp(115): warning C4244: '=' : conversion de 'double' en 'float', perte possible de données
C:\Stage\Yanis\CSharp_projects\Librairies\ARUCO\aruco-2.0.7\src\cvdrawingutils.cpp(117): warning C4244: '=' : conversion de 'double' en 'float', perte possible de données
C:\Stage\Yanis\CSharp_projects\Librairies\ARUCO\aruco-2.0.7\src\cvdrawingutils.cpp(119): warning C4244: '=' : conversion de 'double' en 'float', perte possible de données
C:\Stage\Yanis\CSharp_projects\Librairies\ARUCO\aruco-2.0.7\src\cvdrawingutils.cpp(121): warning C4244: '=' : conversion de 'double' en 'float', perte possible de données
C:\Stage\Yanis\CSharp_projects\Librairies\ARUCO\aruco-2.0.7\src\cvdrawingutils.cpp(122): warning C4244: '=' : conversion de 'double' en 'float', perte possible de données
C:\Stage\Yanis\CSharp_projects\Librairies\ARUCO\aruco-2.0.7\src\cvdrawingutils.cpp(124): warning C4244: '=' : conversion de 'double' en 'float', perte possible de données
C:\Stage\Yanis\CSharp_projects\Librairies\ARUCO\aruco-2.0.7\src\cvdrawingutils.cpp(125): warning C4244: '=' : conversion de 'double' en 'float', perte possible de données
C:\Stage\Yanis\CSharp_projects\Librairies\ARUCO\aruco-2.0.7\src\cvdrawingutils.cpp(127): warning C4244: '=' : conversion de 'double' en 'float', perte possible de données
C:\Stage\Yanis\CSharp_projects\Librairies\ARUCO\aruco-2.0.7\src\cvdrawingutils.cpp(128): warning C4244: '=' : conversion de 'double' en 'float', perte possible de données
C:\Stage\Yanis\CSharp_projects\Librairies\ARUCO\aruco-2.0.7\src\cvdrawingutils.cpp(130): warning C4244: '=' : conversion de 'double' en 'float', perte possible de données
C:\Stage\Yanis\CSharp_projects\Librairies\ARUCO\aruco-2.0.7\src\cvdrawingutils.cpp(132): warning C4244: '=' : conversion de 'double' en 'float', perte possible de données
C:\Stage\Yanis\CSharp_projects\Librairies\ARUCO\aruco-2.0.7\src\cvdrawingutils.cpp(133): warning C4244: '=' : conversion de 'double' en 'float', perte possible de données
C:\Stage\Yanis\CSharp_projects\Librairies\ARUCO\aruco-2.0.7\src\cvdrawingutils.cpp(135): warning C4244: '=' : conversion de 'double' en 'float', perte possible de données
C:\Stage\Yanis\CSharp_projects\Librairies\ARUCO\aruco-2.0.7\src\cvdrawingutils.cpp(136): warning C4244: '=' : conversion de 'double' en 'float', perte possible de données
C:\Stage\Yanis\CSharp_projects\Librairies\ARUCO\aruco-2.0.7\src\cvdrawingutils.cpp(138): warning C4244: '=' : conversion de 'double' en 'float', perte possible de données
C:\Stage\Yanis\CSharp_projects\Librairies\ARUCO\aruco-2.0.7\src\cvdrawingutils.cpp(139): warning C4244: '=' : conversion de 'double' en 'float', perte possible de données
C:\Stage\Yanis\CSharp_projects\Librairies\ARUCO\aruco-2.0.7\src\cvdrawingutils.cpp(141): warning C4244: '=' : conversion de 'double' en 'float', perte possible de données
C:\Stage\Yanis\CSharp_projects\Librairies\ARUCO\aruco-2.0.7\src\cvdrawingutils.cpp(142): warning C4244: '=' : conversion de 'double' en 'float', perte possible de données
C:\Stage\Yanis\CSharp_projects\Librairies\ARUCO\aruco-2.0.7\src\cvdrawingutils.cpp(145): warning C4244: '=' : conversion de 'double' en 'float', perte possible de données
C:\Stage\Yanis\CSharp_projects\Librairies\ARUCO\aruco-2.0.7\src\cvdrawingutils.cpp(146): warning C4244: '=' : conversion de 'double' en 'float', perte possible de données
C:\Stage\Yanis\CSharp_projects\Librairies\ARUCO\aruco-2.0.7\src\cvdrawingutils.cpp(148): warning C4244: '=' : conversion de 'double' en 'float', perte possible de données
C:\Stage\Yanis\CSharp_projects\Librairies\ARUCO\aruco-2.0.7\src\cvdrawingutils.cpp(149): warning C4244: '=' : conversion de 'double' en 'float', perte possible de données
C:\Stage\Yanis\CSharp_projects\Librairies\ARUCO\aruco-2.0.7\src\cvdrawingutils.cpp(151): warning C4244: '=' : conversion de 'double' en 'float', perte possible de données
C:\Stage\Yanis\CSharp_projects\Librairies\ARUCO\aruco-2.0.7\src\cvdrawingutils.cpp(152): warning C4244: '=' : conversion de 'double' en 'float', perte possible de données
C:\Stage\Yanis\CSharp_projects\Librairies\ARUCO\aruco-2.0.7\src\cvdrawingutils.cpp(154): warning C4244: '=' : conversion de 'double' en 'float', perte possible de données
C:\Stage\Yanis\CSharp_projects\Librairies\ARUCO\aruco-2.0.7\src\cvdrawingutils.cpp(155): warning C4244: '=' : conversion de 'double' en 'float', perte possible de données
  markerdetector.cpp
c:\stage\yanis\csharp_projects\librairies\aruco\aruco-2.0.7\src\cameraparameters.h(41): warning C4251: 'aruco::CameraParameters::CameraMatrix' : class 'cv::Mat' nécessite une interface DLL pour être utilisé(e) par les clients de class 'aruco::CameraParameters'
  C:\Stage\Yanis\CSharp_projects\Librairies\ARUCO\opencv\build\x64\vc14\lib\include\opencv2/core/mat.hpp(741): note: voir la déclaration de 'cv::Mat'
c:\stage\yanis\csharp_projects\librairies\aruco\aruco-2.0.7\src\cameraparameters.h(43): warning C4251: 'aruco::CameraParameters::Distorsion' : class 'cv::Mat' nécessite une interface DLL pour être utilisé(e) par les clients de class 'aruco::CameraParameters'
  C:\Stage\Yanis\CSharp_projects\Librairies\ARUCO\opencv\build\x64\vc14\lib\include\opencv2/core/mat.hpp(741): note: voir la déclaration de 'cv::Mat'
c:\stage\yanis\csharp_projects\librairies\aruco\aruco-2.0.7\src\cameraparameters.h(45): warning C4251: 'aruco::CameraParameters::CamSize' : class 'cv::Size_<int>' nécessite une interface DLL pour être utilisé(e) par les clients de class 'aruco::CameraParameters'
  C:\Stage\Yanis\CSharp_projects\Librairies\ARUCO\opencv\build\x64\vc14\lib\include\opencv2/core/types.hpp(305): note: voir la déclaration de 'cv::Size_<int>'
c:\stage\yanis\csharp_projects\librairies\aruco\aruco-2.0.7\src\cameraparameters.h(55): warning C4290: Spécification d'exception C++ ignorée sauf pour indiquer qu'une fonction n'est pas __declspec(nothrow)
c:\stage\yanis\csharp_projects\librairies\aruco\aruco-2.0.7\src\cameraparameters.h(61): warning C4290: Spécification d'exception C++ ignorée sauf pour indiquer qu'une fonction n'est pas __declspec(nothrow)
c:\stage\yanis\csharp_projects\librairies\aruco\aruco-2.0.7\src\cameraparameters.h(77): warning C4290: Spécification d'exception C++ ignorée sauf pour indiquer qu'une fonction n'est pas __declspec(nothrow)
c:\stage\yanis\csharp_projects\librairies\aruco\aruco-2.0.7\src\cameraparameters.h(81): warning C4290: Spécification d'exception C++ ignorée sauf pour indiquer qu'une fonction n'est pas __declspec(nothrow)
c:\stage\yanis\csharp_projects\librairies\aruco\aruco-2.0.7\src\cameraparameters.h(85): warning C4290: Spécification d'exception C++ ignorée sauf pour indiquer qu'une fonction n'est pas __declspec(nothrow)
c:\stage\yanis\csharp_projects\librairies\aruco\aruco-2.0.7\src\cameraparameters.h(103): warning C4290: Spécification d'exception C++ ignorée sauf pour indiquer qu'une fonction n'est pas __declspec(nothrow)
c:\stage\yanis\csharp_projects\librairies\aruco\aruco-2.0.7\src\cameraparameters.h(116): warning C4290: Spécification d'exception C++ ignorée sauf pour indiquer qu'une fonction n'est pas __declspec(nothrow)
c:\stage\yanis\csharp_projects\librairies\aruco\aruco-2.0.7\src\cameraparameters.h(126): warning C4290: Spécification d'exception C++ ignorée sauf pour indiquer qu'une fonction n'est pas __declspec(nothrow)
c:\stage\yanis\csharp_projects\librairies\aruco\aruco-2.0.7\src\cameraparameters.h(127): warning C4290: Spécification d'exception C++ ignorée sauf pour indiquer qu'une fonction n'est pas __declspec(nothrow)
c:\stage\yanis\csharp_projects\librairies\aruco\aruco-2.0.7\src\dictionary.h(57): warning C4290: Spécification d'exception C++ ignorée sauf pour indiquer qu'une fonction n'est pas __declspec(nothrow)
c:\stage\yanis\csharp_projects\librairies\aruco\aruco-2.0.7\src\dictionary.h(60): warning C4290: Spécification d'exception C++ ignorée sauf pour indiquer qu'une fonction n'est pas __declspec(nothrow)
c:\stage\yanis\csharp_projects\librairies\aruco\aruco-2.0.7\src\dictionary.h(61): warning C4290: Spécification d'exception C++ ignorée sauf pour indiquer qu'une fonction n'est pas __declspec(nothrow)
c:\stage\yanis\csharp_projects\librairies\aruco\aruco-2.0.7\src\dictionary.h(63): warning C4290: Spécification d'exception C++ ignorée sauf pour indiquer qu'une fonction n'est pas __declspec(nothrow)
c:\stage\yanis\csharp_projects\librairies\aruco\aruco-2.0.7\src\dictionary.h(64): warning C4290: Spécification d'exception C++ ignorée sauf pour indiquer qu'une fonction n'est pas __declspec(nothrow)
c:\stage\yanis\csharp_projects\librairies\aruco\aruco-2.0.7\src\dictionary.h(65): warning C4290: Spécification d'exception C++ ignorée sauf pour indiquer qu'une fonction n'est pas __declspec(nothrow)
c:\stage\yanis\csharp_projects\librairies\aruco\aruco-2.0.7\src\dictionary.h(66): warning C4290: Spécification d'exception C++ ignorée sauf pour indiquer qu'une fonction n'est pas __declspec(nothrow)
c:\stage\yanis\csharp_projects\librairies\aruco\aruco-2.0.7\src\dictionary.h(71): warning C4290: Spécification d'exception C++ ignorée sauf pour indiquer qu'une fonction n'est pas __declspec(nothrow)
c:\stage\yanis\csharp_projects\librairies\aruco\aruco-2.0.7\src\dictionary.h(72): warning C4290: Spécification d'exception C++ ignorée sauf pour indiquer qu'une fonction n'est pas __declspec(nothrow)
c:\stage\yanis\csharp_projects\librairies\aruco\aruco-2.0.7\src\dictionary.h(79): warning C4251: 'aruco::Dictionary::_code_id' : class 'std::map<uint64_t,uint16_t,std::less<_Kty>,std::allocator<std::pair<const _Kty,_Ty>>>' nécessite une interface DLL pour être utilisé(e) par les clients de class 'aruco::Dictionary'
          with
          [
              _Kty=uint64_t,
              _Ty=uint16_t
          ]
  c:\stage\yanis\csharp_projects\librairies\aruco\aruco-2.0.7\src\dictionary.h(45): note: voir la déclaration de 'std::map<uint64_t,uint16_t,std::less<_Kty>,std::allocator<std::pair<const _Kty,_Ty>>>'
          with
          [
              _Kty=uint64_t,
              _Ty=uint16_t
          ]
c:\stage\yanis\csharp_projects\librairies\aruco\aruco-2.0.7\src\marker.h(42): warning C4251: 'std::_Vector_alloc<std::_Vec_base_types<_Ty,_Alloc>>::_Mypair' : class 'std::_Compressed_pair<std::_Wrap_alloc<std::allocator<_Ty>>,std::_Vector_val<std::_Simple_types<cv::Point_<float>>>,true>' nécessite une interface DLL pour être utilisé(e) par les clients de class 'std::_Vector_alloc<std::_Vec_base_types<_Ty,_Alloc>>'
          with
          [
              _Ty=cv::Point2f,
              _Alloc=std::allocator<cv::Point2f>
          ]
          and
          [
              _Ty=cv::Point2f
          ]
          and
          [
              _Ty=cv::Point2f,
              _Alloc=std::allocator<cv::Point2f>
          ]
  C:\Program Files (x86)\Microsoft Visual Studio 14.0\VC\include\vector(675): note: voir la déclaration de 'std::_Compressed_pair<std::_Wrap_alloc<std::allocator<_Ty>>,std::_Vector_val<std::_Simple_types<cv::Point_<float>>>,true>'
          with
          [
              _Ty=cv::Point2f
          ]
c:\stage\yanis\csharp_projects\librairies\aruco\aruco-2.0.7\src\marker.h(49): warning C4251: 'aruco::Marker::Rvec' : class 'cv::Mat' nécessite une interface DLL pour être utilisé(e) par les clients de class 'aruco::Marker'
  C:\Stage\Yanis\CSharp_projects\Librairies\ARUCO\opencv\build\x64\vc14\lib\include\opencv2/core/mat.hpp(741): note: voir la déclaration de 'cv::Mat'
c:\stage\yanis\csharp_projects\librairies\aruco\aruco-2.0.7\src\marker.h(49): warning C4251: 'aruco::Marker::Tvec' : class 'cv::Mat' nécessite une interface DLL pour être utilisé(e) par les clients de class 'aruco::Marker'
  C:\Stage\Yanis\CSharp_projects\Librairies\ARUCO\opencv\build\x64\vc14\lib\include\opencv2/core/mat.hpp(741): note: voir la déclaration de 'cv::Mat'
c:\stage\yanis\csharp_projects\librairies\aruco\aruco-2.0.7\src\marker.h(79): warning C4290: Spécification d'exception C++ ignorée sauf pour indiquer qu'une fonction n'est pas __declspec(nothrow)
c:\stage\yanis\csharp_projects\librairies\aruco\aruco-2.0.7\src\marker.h(86): warning C4290: Spécification d'exception C++ ignorée sauf pour indiquer qu'une fonction n'est pas __declspec(nothrow)
c:\stage\yanis\csharp_projects\librairies\aruco\aruco-2.0.7\src\marker.h(91): warning C4290: Spécification d'exception C++ ignorée sauf pour indiquer qu'une fonction n'est pas __declspec(nothrow)
c:\stage\yanis\csharp_projects\librairies\aruco\aruco-2.0.7\src\marker.h(103): warning C4290: Spécification d'exception C++ ignorée sauf pour indiquer qu'une fonction n'est pas __declspec(nothrow)
c:\stage\yanis\csharp_projects\librairies\aruco\aruco-2.0.7\src\markerlabeler.h(53): warning C4290: Spécification d'exception C++ ignorée sauf pour indiquer qu'une fonction n'est pas __declspec(nothrow)
c:\stage\yanis\csharp_projects\librairies\aruco\aruco-2.0.7\src\markerlabeler.h(69): warning C4290: Spécification d'exception C++ ignorée sauf pour indiquer qu'une fonction n'est pas __declspec(nothrow)
c:\stage\yanis\csharp_projects\librairies\aruco\aruco-2.0.7\src\markerdetector.h(118): warning C4290: Spécification d'exception C++ ignorée sauf pour indiquer qu'une fonction n'est pas __declspec(nothrow)
c:\stage\yanis\csharp_projects\librairies\aruco\aruco-2.0.7\src\markerdetector.h(119): warning C4290: Spécification d'exception C++ ignorée sauf pour indiquer qu'une fonction n'est pas __declspec(nothrow)
c:\stage\yanis\csharp_projects\librairies\aruco\aruco-2.0.7\src\markerdetector.h(132): warning C4290: Spécification d'exception C++ ignorée sauf pour indiquer qu'une fonction n'est pas __declspec(nothrow)
c:\stage\yanis\csharp_projects\librairies\aruco\aruco-2.0.7\src\markerdetector.h(148): warning C4290: Spécification d'exception C++ ignorée sauf pour indiquer qu'une fonction n'est pas __declspec(nothrow)
c:\stage\yanis\csharp_projects\librairies\aruco\aruco-2.0.7\src\markerdetector.h(166): warning C4290: Spécification d'exception C++ ignorée sauf pour indiquer qu'une fonction n'est pas __declspec(nothrow)
c:\stage\yanis\csharp_projects\librairies\aruco\aruco-2.0.7\src\markerdetector.h(175): warning C4290: Spécification d'exception C++ ignorée sauf pour indiquer qu'une fonction n'est pas __declspec(nothrow)
c:\stage\yanis\csharp_projects\librairies\aruco\aruco-2.0.7\src\markerdetector.h(243): warning C4290: Spécification d'exception C++ ignorée sauf pour indiquer qu'une fonction n'est pas __declspec(nothrow)
c:\stage\yanis\csharp_projects\librairies\aruco\aruco-2.0.7\src\markerdetector.h(276): warning C4290: Spécification d'exception C++ ignorée sauf pour indiquer qu'une fonction n'est pas __declspec(nothrow)
c:\stage\yanis\csharp_projects\librairies\aruco\aruco-2.0.7\src\markerdetector.h(300): warning C4290: Spécification d'exception C++ ignorée sauf pour indiquer qu'une fonction n'est pas __declspec(nothrow)
c:\stage\yanis\csharp_projects\librairies\aruco\aruco-2.0.7\src\markerdetector.h(301): warning C4290: Spécification d'exception C++ ignorée sauf pour indiquer qu'une fonction n'est pas __declspec(nothrow)
c:\stage\yanis\csharp_projects\librairies\aruco\aruco-2.0.7\src\markerdetector.h(325): warning C4290: Spécification d'exception C++ ignorée sauf pour indiquer qu'une fonction n'est pas __declspec(nothrow)
c:\stage\yanis\csharp_projects\librairies\aruco\aruco-2.0.7\src\markerdetector.h(347): warning C4290: Spécification d'exception C++ ignorée sauf pour indiquer qu'une fonction n'est pas __declspec(nothrow)
c:\stage\yanis\csharp_projects\librairies\aruco\aruco-2.0.7\src\markerdetector.h(360): warning C4290: Spécification d'exception C++ ignorée sauf pour indiquer qu'une fonction n'est pas __declspec(nothrow)
c:\stage\yanis\csharp_projects\librairies\aruco\aruco-2.0.7\src\markerdetector.h(367): warning C4251: 'aruco::MarkerDetector::_params' : struct 'aruco::MarkerDetector::Params' nécessite une interface DLL pour être utilisé(e) par les clients de class 'aruco::MarkerDetector'
  c:\stage\yanis\csharp_projects\librairies\aruco\aruco-2.0.7\src\markerdetector.h(59): note: voir la déclaration de 'aruco::MarkerDetector::Params'
c:\stage\yanis\csharp_projects\librairies\aruco\aruco-2.0.7\src\markerdetector.h(369): warning C4251: 'aruco::MarkerDetector::_candidates' : class 'std::vector<std::vector<cv::Point2f,std::allocator<_Ty>>,std::allocator<std::vector<_Ty,std::allocator<_Ty>>>>' nécessite une interface DLL pour être utilisé(e) par les clients de class 'aruco::MarkerDetector'
          with
          [
              _Ty=cv::Point2f
          ]
  c:\stage\yanis\csharp_projects\librairies\aruco\aruco-2.0.7\src\markerdetector.h(333): note: voir la déclaration de 'std::vector<std::vector<cv::Point2f,std::allocator<_Ty>>,std::allocator<std::vector<_Ty,std::allocator<_Ty>>>>'
          with
          [
              _Ty=cv::Point2f
          ]
c:\stage\yanis\csharp_projects\librairies\aruco\aruco-2.0.7\src\markerdetector.h(371): warning C4251: 'aruco::MarkerDetector::grey' : class 'cv::Mat' nécessite une interface DLL pour être utilisé(e) par les clients de class 'aruco::MarkerDetector'
  C:\Stage\Yanis\CSharp_projects\Librairies\ARUCO\opencv\build\x64\vc14\lib\include\opencv2/core/mat.hpp(741): note: voir la déclaration de 'cv::Mat'
c:\stage\yanis\csharp_projects\librairies\aruco\aruco-2.0.7\src\markerdetector.h(371): warning C4251: 'aruco::MarkerDetector::thres' : class 'cv::Mat' nécessite une interface DLL pour être utilisé(e) par les clients de class 'aruco::MarkerDetector'
  C:\Stage\Yanis\CSharp_projects\Librairies\ARUCO\opencv\build\x64\vc14\lib\include\opencv2/core/mat.hpp(741): note: voir la déclaration de 'cv::Mat'
c:\stage\yanis\csharp_projects\librairies\aruco\aruco-2.0.7\src\markerdetector.h(373): warning C4251: 'aruco::MarkerDetector::markerIdDetector' : struct 'cv::Ptr<aruco::MarkerLabeler>' nécessite une interface DLL pour être utilisé(e) par les clients de class 'aruco::MarkerDetector'
  c:\stage\yanis\csharp_projects\librairies\aruco\aruco-2.0.7\src\markerlabeler.h(53): note: voir la déclaration de 'cv::Ptr<aruco::MarkerLabeler>'
c:\stage\yanis\csharp_projects\librairies\aruco\aruco-2.0.7\src\markerdetector.h(425): warning C4251: 'aruco::MarkerDetector::imagePyramid' : class 'std::vector<cv::Mat,std::allocator<_Ty>>' nécessite une interface DLL pour être utilisé(e) par les clients de class 'aruco::MarkerDetector'
          with
          [
              _Ty=cv::Mat
          ]
  C:\Stage\Yanis\CSharp_projects\Librairies\ARUCO\opencv\build\x64\vc14\lib\include\opencv2/core/mat.hpp(175): note: voir la déclaration de 'std::vector<cv::Mat,std::allocator<_Ty>>'
          with
          [
              _Ty=cv::Mat
          ]
c:\stage\yanis\csharp_projects\librairies\aruco\aruco-2.0.7\src\markerdetector.h(92): warning C4305: '=' : troncation de 'double' à 'float'
c:\stage\yanis\csharp_projects\librairies\aruco\aruco-2.0.7\src\markerdetector.h(93): warning C4305: '=' : troncation de 'double' à 'float'
c:\stage\yanis\csharp_projects\librairies\aruco\aruco-2.0.7\src\markerdetector.h(212): warning C4244: '=' : conversion de 'size_t' en 'double', perte possible de données
C:\Stage\Yanis\CSharp_projects\Librairies\ARUCO\aruco-2.0.7\src\markerdetector.cpp(77): warning C4290: Spécification d'exception C++ ignorée sauf pour indiquer qu'une fonction n'est pas __declspec(nothrow)
C:\Stage\Yanis\CSharp_projects\Librairies\ARUCO\aruco-2.0.7\src\markerdetector.cpp(83): warning C4290: Spécification d'exception C++ ignorée sauf pour indiquer qu'une fonction n'est pas __declspec(nothrow)
C:\Stage\Yanis\CSharp_projects\Librairies\ARUCO\aruco-2.0.7\src\markerdetector.cpp(97): warning C4290: Spécification d'exception C++ ignorée sauf pour indiquer qu'une fonction n'est pas __declspec(nothrow)
C:\Stage\Yanis\CSharp_projects\Librairies\ARUCO\aruco-2.0.7\src\markerdetector.cpp(118): warning C4290: Spécification d'exception C++ ignorée sauf pour indiquer qu'une fonction n'est pas __declspec(nothrow)
C:\Stage\Yanis\CSharp_projects\Librairies\ARUCO\aruco-2.0.7\src\markerdetector.cpp(144): warning C4244: 'initialisation' : conversion de 'double' en 'int', perte possible de données
C:\Stage\Yanis\CSharp_projects\Librairies\ARUCO\aruco-2.0.7\src\markerdetector.cpp(151): warning C4244: 'initialisation' : conversion de 'const double' en 'int', perte possible de données
C:\Stage\Yanis\CSharp_projects\Librairies\ARUCO\aruco-2.0.7\src\markerdetector.cpp(165): warning C4244: 'initialisation' : conversion de 'int' en 'float', perte possible de données
C:\Stage\Yanis\CSharp_projects\Librairies\ARUCO\aruco-2.0.7\src\markerdetector.cpp(183): warning C4267: '=' : conversion de 'size_t' en 'int', perte possible de données
C:\Stage\Yanis\CSharp_projects\Librairies\ARUCO\aruco-2.0.7\src\markerdetector.cpp(254): warning C4244: 'initialisation' : conversion de 'float' en 'int', perte possible de données
C:\Stage\Yanis\CSharp_projects\Librairies\ARUCO\aruco-2.0.7\src\markerdetector.cpp(255): warning C4244: 'initialisation' : conversion de 'float' en 'int', perte possible de données
C:\Stage\Yanis\CSharp_projects\Librairies\ARUCO\aruco-2.0.7\src\markerdetector.cpp(333): warning C4244: 'initialisation' : conversion de 'float' en 'int', perte possible de données
C:\Stage\Yanis\CSharp_projects\Librairies\ARUCO\aruco-2.0.7\src\markerdetector.cpp(334): warning C4244: 'initialisation' : conversion de 'const float' en 'int', perte possible de données
C:\Stage\Yanis\CSharp_projects\Librairies\ARUCO\aruco-2.0.7\src\markerdetector.cpp(381): warning C4244: 'argument' : conversion de 'int' en 'float', perte possible de données
C:\Stage\Yanis\CSharp_projects\Librairies\ARUCO\aruco-2.0.7\src\markerdetector.cpp(480): warning C4244: 'initialisation' : conversion de 'const double' en 'int', perte possible de données
C:\Stage\Yanis\CSharp_projects\Librairies\ARUCO\aruco-2.0.7\src\markerdetector.cpp(481): warning C4244: 'initialisation' : conversion de 'double' en 'int', perte possible de données
C:\Stage\Yanis\CSharp_projects\Librairies\ARUCO\aruco-2.0.7\src\markerdetector.cpp(482): warning C4244: 'initialisation' : conversion de 'const double' en 'int', perte possible de données
C:\Stage\Yanis\CSharp_projects\Librairies\ARUCO\aruco-2.0.7\src\markerdetector.cpp(483): warning C4244: 'initialisation' : conversion de 'double' en 'int', perte possible de données
C:\Stage\Yanis\CSharp_projects\Librairies\ARUCO\aruco-2.0.7\src\markerdetector.cpp(497): warning C4244: 'initialisation' : conversion de 'double' en 'float', perte possible de données
C:\Stage\Yanis\CSharp_projects\Librairies\ARUCO\aruco-2.0.7\src\markerdetector.cpp(526): warning C4290: Spécification d'exception C++ ignorée sauf pour indiquer qu'une fonction n'est pas __declspec(nothrow)
C:\Stage\Yanis\CSharp_projects\Librairies\ARUCO\aruco-2.0.7\src\markerdetector.cpp(546): warning C4244: 'argument' : conversion de 'double' en 'int', perte possible de données
C:\Stage\Yanis\CSharp_projects\Librairies\ARUCO\aruco-2.0.7\src\markerdetector.cpp(568): warning C4290: Spécification d'exception C++ ignorée sauf pour indiquer qu'une fonction n'est pas __declspec(nothrow)
C:\Stage\Yanis\CSharp_projects\Librairies\ARUCO\aruco-2.0.7\src\markerdetector.cpp(577): warning C4244: 'argument' : conversion de 'int' en 'float', perte possible de données
C:\Stage\Yanis\CSharp_projects\Librairies\ARUCO\aruco-2.0.7\src\markerdetector.cpp(578): warning C4244: 'argument' : conversion de 'int' en 'float', perte possible de données
C:\Stage\Yanis\CSharp_projects\Librairies\ARUCO\aruco-2.0.7\src\markerdetector.cpp(579): warning C4244: 'argument' : conversion de 'int' en 'float', perte possible de données
C:\Stage\Yanis\CSharp_projects\Librairies\ARUCO\aruco-2.0.7\src\markerdetector.cpp(591): warning C4244: '=' : conversion de 'const float' en 'int', perte possible de données
C:\Stage\Yanis\CSharp_projects\Librairies\ARUCO\aruco-2.0.7\src\markerdetector.cpp(592): warning C4244: '=' : conversion de 'const float' en 'int', perte possible de données
C:\Stage\Yanis\CSharp_projects\Librairies\ARUCO\aruco-2.0.7\src\markerdetector.cpp(598): warning C4267: '=' : conversion de 'size_t' en 'int', perte possible de données
C:\Stage\Yanis\CSharp_projects\Librairies\ARUCO\aruco-2.0.7\src\markerdetector.cpp(601): warning C4267: '=' : conversion de 'size_t' en 'int', perte possible de données
C:\Stage\Yanis\CSharp_projects\Librairies\ARUCO\aruco-2.0.7\src\markerdetector.cpp(604): warning C4267: '=' : conversion de 'size_t' en 'int', perte possible de données
C:\Stage\Yanis\CSharp_projects\Librairies\ARUCO\aruco-2.0.7\src\markerdetector.cpp(607): warning C4267: '=' : conversion de 'size_t' en 'int', perte possible de données
C:\Stage\Yanis\CSharp_projects\Librairies\ARUCO\aruco-2.0.7\src\markerdetector.cpp(621): warning C4244: 'initialisation' : conversion de 'double' en 'float', perte possible de données
C:\Stage\Yanis\CSharp_projects\Librairies\ARUCO\aruco-2.0.7\src\markerdetector.cpp(638): warning C4244: 'initialisation' : conversion de 'double' en 'float', perte possible de données
C:\Stage\Yanis\CSharp_projects\Librairies\ARUCO\aruco-2.0.7\src\markerdetector.cpp(660): warning C4244: '=' : conversion de 'int' en 'float', perte possible de données
C:\Stage\Yanis\CSharp_projects\Librairies\ARUCO\aruco-2.0.7\src\markerdetector.cpp(664): warning C4244: '=' : conversion de 'int' en 'float', perte possible de données
C:\Stage\Yanis\CSharp_projects\Librairies\ARUCO\aruco-2.0.7\src\markerdetector.cpp(683): warning C4290: Spécification d'exception C++ ignorée sauf pour indiquer qu'une fonction n'est pas __declspec(nothrow)
C:\Stage\Yanis\CSharp_projects\Librairies\ARUCO\aruco-2.0.7\src\markerdetector.cpp(752): warning C4244: '+=' : conversion de 'double' en 'int', perte possible de données
C:\Stage\Yanis\CSharp_projects\Librairies\ARUCO\aruco-2.0.7\src\markerdetector.cpp(754): warning C4244: 'argument' : conversion de 'int' en 'float', perte possible de données
C:\Stage\Yanis\CSharp_projects\Librairies\ARUCO\aruco-2.0.7\src\markerdetector.cpp(755): warning C4244: 'argument' : conversion de 'int' en 'float', perte possible de données
C:\Stage\Yanis\CSharp_projects\Librairies\ARUCO\aruco-2.0.7\src\markerdetector.cpp(756): warning C4244: 'argument' : conversion de 'int' en 'float', perte possible de données
C:\Stage\Yanis\CSharp_projects\Librairies\ARUCO\aruco-2.0.7\src\markerdetector.cpp(774): warning C4244: 'initialisation' : conversion de 'int' en 'float', perte possible de données
C:\Stage\Yanis\CSharp_projects\Librairies\ARUCO\aruco-2.0.7\src\markerdetector.cpp(775): warning C4244: 'initialisation' : conversion de 'int' en 'float', perte possible de données
C:\Stage\Yanis\CSharp_projects\Librairies\ARUCO\aruco-2.0.7\src\markerdetector.cpp(776): warning C4244: 'initialisation' : conversion de 'double' en 'float', perte possible de données
C:\Stage\Yanis\CSharp_projects\Librairies\ARUCO\aruco-2.0.7\src\markerdetector.cpp(778): warning C4244: '=' : conversion de 'double' en 'int', perte possible de données
C:\Stage\Yanis\CSharp_projects\Librairies\ARUCO\aruco-2.0.7\src\markerdetector.cpp(779): warning C4244: '=' : conversion de 'double' en 'int', perte possible de données
C:\Stage\Yanis\CSharp_projects\Librairies\ARUCO\aruco-2.0.7\src\markerdetector.cpp(848): warning C4244: '+=' : conversion de 'float' en 'int', perte possible de données
C:\Stage\Yanis\CSharp_projects\Librairies\ARUCO\aruco-2.0.7\src\markerdetector.cpp(891): warning C4244: 'argument' : conversion de 'int' en 'float', perte possible de données
C:\Stage\Yanis\CSharp_projects\Librairies\ARUCO\aruco-2.0.7\src\markerdetector.cpp(899): warning C4244: 'argument' : conversion de 'int' en 'float', perte possible de données
C:\Stage\Yanis\CSharp_projects\Librairies\ARUCO\aruco-2.0.7\src\markerdetector.cpp(909): warning C4267: '=' : conversion de 'size_t' en 'int', perte possible de données
C:\Stage\Yanis\CSharp_projects\Librairies\ARUCO\aruco-2.0.7\src\markerdetector.cpp(957): warning C4267: 'argument' : conversion de 'size_t' en 'int', perte possible de données
C:\Stage\Yanis\CSharp_projects\Librairies\ARUCO\aruco-2.0.7\src\markerdetector.cpp(958): warning C4267: 'argument' : conversion de 'size_t' en 'int', perte possible de données
C:\Stage\Yanis\CSharp_projects\Librairies\ARUCO\aruco-2.0.7\src\markerdetector.cpp(967): warning C4267: 'argument' : conversion de 'size_t' en 'int', perte possible de données
C:\Stage\Yanis\CSharp_projects\Librairies\ARUCO\aruco-2.0.7\src\markerdetector.cpp(968): warning C4267: 'argument' : conversion de 'size_t' en 'int', perte possible de données
C:\Stage\Yanis\CSharp_projects\Librairies\ARUCO\aruco-2.0.7\src\markerdetector.cpp(969): warning C4267: 'argument' : conversion de 'size_t' en 'int', perte possible de données
C:\Stage\Yanis\CSharp_projects\Librairies\ARUCO\aruco-2.0.7\src\markerdetector.cpp(980): warning C4267: 'argument' : conversion de 'size_t' en 'int', perte possible de données
C:\Stage\Yanis\CSharp_projects\Librairies\ARUCO\aruco-2.0.7\src\markerdetector.cpp(981): warning C4267: 'argument' : conversion de 'size_t' en 'int', perte possible de données
C:\Stage\Yanis\CSharp_projects\Librairies\ARUCO\aruco-2.0.7\src\markerdetector.cpp(982): warning C4267: 'argument' : conversion de 'size_t' en 'int', perte possible de données
C:\Stage\Yanis\CSharp_projects\Librairies\ARUCO\aruco-2.0.7\src\markerdetector.cpp(1105): warning C4244: 'argument' : conversion de 'const int' en 'float', perte possible de données
C:\Stage\Yanis\CSharp_projects\Librairies\ARUCO\aruco-2.0.7\src\markerdetector.cpp(1106): warning C4244: 'argument' : conversion de 'const int' en 'float', perte possible de données
C:\Stage\Yanis\CSharp_projects\Librairies\ARUCO\aruco-2.0.7\src\markerdetector.cpp(1108): warning C4244: 'argument' : conversion de 'float' en 'int', perte possible de données
C:\Stage\Yanis\CSharp_projects\Librairies\ARUCO\aruco-2.0.7\src\markerdetector.cpp(1119): warning C4244: '=' : conversion de 'double' en 'float', perte possible de données
C:\Stage\Yanis\CSharp_projects\Librairies\ARUCO\aruco-2.0.7\src\markerdetector.cpp(1125): warning C4244: 'argument' : conversion de 'int' en 'float', perte possible de données
C:\Stage\Yanis\CSharp_projects\Librairies\ARUCO\aruco-2.0.7\src\markerdetector.cpp(1133): warning C4244: 'initialisation' : conversion de 'double' en 'float', perte possible de données
C:\Stage\Yanis\CSharp_projects\Librairies\ARUCO\aruco-2.0.7\src\markerdetector.cpp(1136): warning C4244: 'argument' : conversion de 'int' en 'float', perte possible de données
C:\Stage\Yanis\CSharp_projects\Librairies\ARUCO\aruco-2.0.7\src\markerdetector.cpp(1145): warning C4290: Spécification d'exception C++ ignorée sauf pour indiquer qu'une fonction n'est pas __declspec(nothrow)
C:\Stage\Yanis\CSharp_projects\Librairies\ARUCO\aruco-2.0.7\src\markerdetector.cpp(1151): warning C4290: Spécification d'exception C++ ignorée sauf pour indiquer qu'une fonction n'est pas __declspec(nothrow)
C:\Stage\Yanis\CSharp_projects\Librairies\ARUCO\aruco-2.0.7\src\markerdetector.cpp(1155): warning C4290: Spécification d'exception C++ ignorée sauf pour indiquer qu'une fonction n'est pas __declspec(nothrow)
  Génération de code en cours...
  aruco.vcxproj -> C:\Stage\Yanis\CSharp_projects\Librairies\ARUCO\aruco-2.0.7\MY-Build\bin\Debug\aruco207.dll
  aruco.vcxproj -> C:/Stage/Yanis/CSharp_projects/Librairies/ARUCO/aruco-2.0.7/MY-Build/bin/Debug/aruco207.pdb (Full PDB)
